<?xml version="1.0" encoding="UTF-8"?>
<!-- Generated by org.testng.reporters.JUnitReportReporter -->
<testsuite skipped="0" hostname="DESKTOP-Q3T0OHB" name="com.qa.pkg1.Test10" tests="1" failures="0" timestamp="02 Aug 2019 06:44:04 GMT" time="27.956" errors="0">
  <testcase name="Gmail" time="27.956" classname="com.qa.pkg1.Test10"/>
</testsuite> <!-- com.qa.pkg1.Test10 -->
